Assembler report for emulator_mutrig_syn
Sun Apr 12 16:13:26 2026
Quartus Prime Version 18.1.0 Build 625 09/12/2018 SJ Standard Edition


---------------------
; Table of Contents ;
---------------------
  1. Legal Notice
  2. Assembler Summary
  3. Assembler Settings
  4. Assembler Generated Files
  5. Assembler Device Options: emulator_mutrig_syn.sof
  6. Assembler Messages



----------------
; Legal Notice ;
----------------
Copyright (C) 2018  Intel Corporation. All rights reserved.
Your use of Intel Corporation's design tools, logic functions 
and other software and tools, and its AMPP partner logic 
functions, and any output files from any of the foregoing 
(including device programming or simulation files), and any 
associated documentation or information are expressly subject 
to the terms and conditions of the Intel Program License 
Subscription Agreement, the Intel Quartus Prime License Agreement,
the Intel FPGA IP License Agreement, or other applicable license
agreement, including, without limitation, that your use is for
the sole purpose of programming logic devices manufactured by
Intel and sold by Intel or its authorized distributors.  Please
refer to the applicable agreement for further details.



+---------------------------------------------------------------+
; Assembler Summary                                             ;
+-----------------------+---------------------------------------+
; Assembler Status      ; Successful - Sun Apr 12 16:13:26 2026 ;
; Revision Name         ; emulator_mutrig_syn                   ;
; Top-level Entity Name ; emulator_mutrig_syn_top               ;
; Family                ; Arria V                               ;
; Device                ; 5AGXBA7D4F31C5                        ;
+-----------------------+---------------------------------------+


+----------------------------------+
; Assembler Settings               ;
+--------+---------+---------------+
; Option ; Setting ; Default Value ;
+--------+---------+---------------+


+------------------------------------------------------------------------------------------------------------------+
; Assembler Generated Files                                                                                        ;
+------------------------------------------------------------------------------------------------------------------+
; File Name                                                                                                        ;
+------------------------------------------------------------------------------------------------------------------+
; /home/yifeng/packages/mu3e_ip_dev/mu3e-ip-cores/emulator_mutrig/syn/quartus/output_files/emulator_mutrig_syn.sof ;
+------------------------------------------------------------------------------------------------------------------+


+---------------------------------------------------+
; Assembler Device Options: emulator_mutrig_syn.sof ;
+----------------+----------------------------------+
; Option         ; Setting                          ;
+----------------+----------------------------------+
; JTAG usercode  ; 0x019A9FC2                       ;
; Checksum       ; 0x019A9FC2                       ;
+----------------+----------------------------------+


+--------------------+
; Assembler Messages ;
+--------------------+
Info: *******************************************************************
Info: Running Quartus Prime Assembler
    Info: Version 18.1.0 Build 625 09/12/2018 SJ Standard Edition
    Info: Processing started: Sun Apr 12 16:13:16 2026
Info: Command: quartus_asm --read_settings_files=off --write_settings_files=off emulator_mutrig_syn -c emulator_mutrig_syn
Info (115030): Assembler is generating device programming files
Info: Quartus Prime Assembler was successful. 0 errors, 0 warnings
    Info: Peak virtual memory: 973 megabytes
    Info: Processing ended: Sun Apr 12 16:13:26 2026
    Info: Elapsed time: 00:00:10
    Info: Total CPU time (on all processors): 00:00:10


