Flow report for emulator_mutrig_syn
Sun Apr 12 16:21:16 2026
Quartus Prime Version 18.1.0 Build 625 09/12/2018 SJ Standard Edition


---------------------
; Table of Contents ;
---------------------
  1. EDA Netlist Writer Summary
  2. EDA Netlist Writer Summary
  3. EDA Netlist Writer Summary
  4. EDA Netlist Writer Summary
  5. EDA Netlist Writer Summary
  6. Legal Notice
  7. Flow Summary
  8. Flow Settings
  9. Flow Non-Default Global Settings
 10. Flow Elapsed Time
 11. Flow OS Summary
 12. Flow Log
 13. Flow Messages
 14. Flow Suppressed Messages



+-------------------------------------------------------------------+
; EDA Netlist Writer Summary                                        ;
+---------------------------+---------------------------------------+
; EDA Netlist Writer Status ; Successful - Sun Apr 12 16:21:16 2026 ;
; Revision Name             ; emulator_mutrig_syn                   ;
; Top-level Entity Name     ; emulator_mutrig_syn_top               ;
; Family                    ; Arria V                               ;
; Simulation Files Creation ; Successful                            ;
+---------------------------+---------------------------------------+


+-----------------------------------------------------------------------------+
; EDA Netlist Writer Summary                                                  ;
+---------------------------+-------------------------------------------------+
; EDA Netlist Writer Status ; Successful - Sun Apr 12 16:18:51 2026           ;
; Revision Name             ; emulator_mutrig_syn                             ;
; Top-level Entity Name     ; emulator_mutrig_syn_top                         ;
; Family                    ; Arria V                                         ;
; Simulation Files Creation ; Successful                                      ;
; Flow Status               ; Successful - Sun Apr 12 16:21:16 2026           ;
; Quartus Prime Version     ; 18.1.0 Build 625 09/12/2018 SJ Standard Edition ;
+---------------------------+-------------------------------------------------+


+-----------------------------------------------------------------------------+
; EDA Netlist Writer Summary                                                  ;
+---------------------------+-------------------------------------------------+
; EDA Netlist Writer Status ; Successful - Sun Apr 12 16:17:57 2026           ;
; Revision Name             ; emulator_mutrig_syn                             ;
; Top-level Entity Name     ; emulator_mutrig_syn_top                         ;
; Family                    ; Arria V                                         ;
; Simulation Files Creation ; Successful                                      ;
; Flow Status               ; Successful - Sun Apr 12 16:18:51 2026           ;
; Quartus Prime Version     ; 18.1.0 Build 625 09/12/2018 SJ Standard Edition ;
+---------------------------+-------------------------------------------------+


+-----------------------------------------------------------------------------+
; EDA Netlist Writer Summary                                                  ;
+---------------------------+-------------------------------------------------+
; EDA Netlist Writer Status ; Successful - Sun Apr 12 16:17:38 2026           ;
; Revision Name             ; emulator_mutrig_syn                             ;
; Top-level Entity Name     ; emulator_mutrig_syn_top                         ;
; Family                    ; Arria V                                         ;
; Simulation Files Creation ; Successful                                      ;
; Flow Status               ; Successful - Sun Apr 12 16:17:57 2026           ;
; Quartus Prime Version     ; 18.1.0 Build 625 09/12/2018 SJ Standard Edition ;
+---------------------------+-------------------------------------------------+


+-----------------------------------------------------------------------------+
; EDA Netlist Writer Summary                                                  ;
+---------------------------+-------------------------------------------------+
; EDA Netlist Writer Status ; Successful - Sun Apr 12 16:15:22 2026           ;
; Revision Name             ; emulator_mutrig_syn                             ;
; Top-level Entity Name     ; emulator_mutrig_syn_top                         ;
; Family                    ; Arria V                                         ;
; Simulation Files Creation ; Successful                                      ;
; Flow Status               ; Successful - Sun Apr 12 16:17:38 2026           ;
; Quartus Prime Version     ; 18.1.0 Build 625 09/12/2018 SJ Standard Edition ;
+---------------------------+-------------------------------------------------+


----------------
; Legal Notice ;
----------------
Copyright (C) 2018  Intel Corporation. All rights reserved.
Your use of Intel Corporation's design tools, logic functions 
and other software and tools, and its AMPP partner logic 
functions, and any output files from any of the foregoing 
(including device programming or simulation files), and any 
associated documentation or information are expressly subject 
to the terms and conditions of the Intel Program License 
Subscription Agreement, the Intel Quartus Prime License Agreement,
the Intel FPGA IP License Agreement, or other applicable license
agreement, including, without limitation, that your use is for
the sole purpose of programming logic devices manufactured by
Intel and sold by Intel or its authorized distributors.  Please
refer to the applicable agreement for further details.



+-----------------------------------------------------------------------------------+
; Flow Summary                                                                      ;
+---------------------------------+-------------------------------------------------+
; Flow Status                     ; Successful - Sun Apr 12 16:15:22 2026           ;
; Quartus Prime Version           ; 18.1.0 Build 625 09/12/2018 SJ Standard Edition ;
; Revision Name                   ; emulator_mutrig_syn                             ;
; Top-level Entity Name           ; emulator_mutrig_syn_top                         ;
; Family                          ; Arria V                                         ;
; Device                          ; 5AGXBA7D4F31C5                                  ;
; Timing Models                   ; Final                                           ;
; Logic utilization (in ALMs)     ; 438 / 91,680 ( < 1 % )                          ;
; Total registers                 ; 492                                             ;
; Total pins                      ; 1 / 426 ( < 1 % )                               ;
; Total virtual pins              ; 101                                             ;
; Total block memory bits         ; 3,072 / 13,987,840 ( < 1 % )                    ;
; Total DSP Blocks                ; 2 / 800 ( < 1 % )                               ;
; Total HSSI RX PCSs              ; 0 / 9 ( 0 % )                                   ;
; Total HSSI PMA RX Deserializers ; 0 / 9 ( 0 % )                                   ;
; Total HSSI TX PCSs              ; 0 / 9 ( 0 % )                                   ;
; Total HSSI PMA TX Serializers   ; 0 / 9 ( 0 % )                                   ;
; Total PLLs                      ; 0 / 21 ( 0 % )                                  ;
; Total DLLs                      ; 0 / 4 ( 0 % )                                   ;
+---------------------------------+-------------------------------------------------+


+-----------------------------------------+
; Flow Settings                           ;
+-------------------+---------------------+
; Option            ; Setting             ;
+-------------------+---------------------+
; Start date & time ; 04/12/2026 16:12:16 ;
; Main task         ; Compilation         ;
; Revision Name     ; emulator_mutrig_syn ;
+-------------------+---------------------+


+---------------------------------------------------------------------------------------------------------------------------+
; Flow Non-Default Global Settings                                                                                          ;
+-----------------------------------------+--------------------------------+---------------------+-------------+------------+
; Assignment Name                         ; Value                          ; Default Value       ; Entity Name ; Section Id ;
+-----------------------------------------+--------------------------------+---------------------+-------------+------------+
; COMPILER_SIGNATURE_ID                   ; 37598690135982.177600313600863 ; --                  ; --          ; --         ;
; FITTER_EFFORT                           ; Standard Fit                   ; Auto Fit            ; --          ; --         ;
; NUM_PARALLEL_PROCESSORS                 ; 4                              ; --                  ; --          ; --         ;
; PHYSICAL_SYNTHESIS_COMBO_LOGIC          ; On                             ; Off                 ; --          ; --         ;
; PHYSICAL_SYNTHESIS_REGISTER_DUPLICATION ; On                             ; Off                 ; --          ; --         ;
; PHYSICAL_SYNTHESIS_REGISTER_RETIMING    ; On                             ; Off                 ; --          ; --         ;
; PROJECT_OUTPUT_DIRECTORY                ; output_files                   ; --                  ; --          ; --         ;
; ROUTER_TIMING_OPTIMIZATION_LEVEL        ; MAXIMUM                        ; Normal              ; --          ; --         ;
; TOP_LEVEL_ENTITY                        ; emulator_mutrig_syn_top        ; emulator_mutrig_syn ; --          ; --         ;
+-----------------------------------------+--------------------------------+---------------------+-------------+------------+


+--------------------------------------------------------------------------------------------------------------------------+
; Flow Elapsed Time                                                                                                        ;
+----------------------+--------------+-------------------------+---------------------+------------------------------------+
; Module Name          ; Elapsed Time ; Average Processors Used ; Peak Virtual Memory ; Total CPU Time (on all processors) ;
+----------------------+--------------+-------------------------+---------------------+------------------------------------+
; Analysis & Synthesis ; 00:00:09     ; 1.0                     ; 1153 MB             ; 00:00:24                           ;
; Fitter               ; 00:00:48     ; 1.0                     ; 2880 MB             ; 00:01:40                           ;
; Assembler            ; 00:00:10     ; 1.0                     ; 973 MB              ; 00:00:10                           ;
; Timing Analyzer      ; 00:00:04     ; 1.2                     ; 1372 MB             ; 00:00:05                           ;
; EDA Netlist Writer   ; 00:00:02     ; 1.0                     ; 1151 MB             ; 00:00:01                           ;
; EDA Netlist Writer   ; 00:00:02     ; 1.0                     ; 1151 MB             ; 00:00:01                           ;
; EDA Netlist Writer   ; 00:00:02     ; 1.0                     ; 1149 MB             ; 00:00:02                           ;
; EDA Netlist Writer   ; 00:00:02     ; 1.0                     ; 1152 MB             ; 00:00:02                           ;
; EDA Netlist Writer   ; 00:00:02     ; 1.0                     ; 1151 MB             ; 00:00:02                           ;
; Total                ; 00:01:21     ; --                      ; --                  ; 00:02:27                           ;
+----------------------+--------------+-------------------------+---------------------+------------------------------------+


+---------------------------------------------------------------------------------+
; Flow OS Summary                                                                 ;
+----------------------+------------------+---------+------------+----------------+
; Module Name          ; Machine Hostname ; OS Name ; OS Version ; Processor type ;
+----------------------+------------------+---------+------------+----------------+
; Analysis & Synthesis ; teferi.ethz.ch   ; \S -    ; \S -       ; x86_64         ;
; Fitter               ; teferi.ethz.ch   ; \S -    ; \S -       ; x86_64         ;
; Assembler            ; teferi.ethz.ch   ; \S -    ; \S -       ; x86_64         ;
; Timing Analyzer      ; teferi.ethz.ch   ; \S -    ; \S -       ; x86_64         ;
; EDA Netlist Writer   ; teferi.ethz.ch   ; \S -    ; \S -       ; x86_64         ;
; EDA Netlist Writer   ; teferi.ethz.ch   ; \S -    ; \S -       ; x86_64         ;
; EDA Netlist Writer   ; teferi.ethz.ch   ; \S -    ; \S -       ; x86_64         ;
; EDA Netlist Writer   ; teferi.ethz.ch   ; \S -    ; \S -       ; x86_64         ;
; EDA Netlist Writer   ; teferi.ethz.ch   ; \S -    ; \S -       ; x86_64         ;
+----------------------+------------------+---------+------------+----------------+


------------
; Flow Log ;
------------
quartus_map --read_settings_files=on --write_settings_files=off emulator_mutrig_syn -c emulator_mutrig_syn
quartus_fit --read_settings_files=off --write_settings_files=off emulator_mutrig_syn -c emulator_mutrig_syn
quartus_asm --read_settings_files=off --write_settings_files=off emulator_mutrig_syn -c emulator_mutrig_syn
quartus_sta emulator_mutrig_syn -c emulator_mutrig_syn
quartus_eda emulator_mutrig_syn -c emulator_mutrig_syn --simulation=on --tool=modelsim --format=verilog --output_directory=gate_sim --gen_script=gate_level
quartus_eda emulator_mutrig_syn -c emulator_mutrig_syn --simulation=on --tool=modelsim --format=verilog --output_directory=gate_sim --gen_script=gate_level
quartus_eda emulator_mutrig_syn -c emulator_mutrig_syn --simulation=on --tool=modelsim --format=verilog --output_directory=gate_sim --gen_script=gate_level
quartus_eda emulator_mutrig_syn -c emulator_mutrig_syn --simulation=on --tool=modelsim --format=verilog --output_directory=gate_sim --gen_script=gate_level
quartus_eda emulator_mutrig_syn -c emulator_mutrig_syn --simulation=on --tool=modelsim --format=verilog --output_directory=gate_sim --gen_script=gate_level



